<?xml version="1.0" encoding="UTF-8"?>
<!-- Generated by org.testng.reporters.JUnitReportReporter -->
<testsuite hostname="DESKTOP-H1LFHPP" failures="0" tests="1" name="com.jaindirect.testCases.TC005_JD_AddEventToSanstha" time="48.759" errors="0" timestamp="2024-09-26T16:37:07 IST" skipped="0">
  <testcase classname="com.jaindirect.testCases.TC005_JD_AddEventToSanstha" name="AddNewsAndDelete" time="48.759"/>
</testsuite> <!-- com.jaindirect.testCases.TC005_JD_AddEventToSanstha -->
