<?xml version="1.0" encoding="UTF-8"?>
<!-- Generated by org.testng.reporters.JUnitReportReporter -->
<testsuite hostname="DESKTOP-H1LFHPP" failures="0" tests="1" name="com.jaindirect.testCases.TC004_JD_ResendOTP" time="48.791" errors="0" timestamp="2024-09-26T15:03:25 IST" skipped="0">
  <testcase classname="com.jaindirect.testCases.TC004_JD_ResendOTP" name="resendOTP" time="48.791"/>
</testsuite> <!-- com.jaindirect.testCases.TC004_JD_ResendOTP -->
