<?xml version="1.0" encoding="UTF-8"?>
<!-- Generated by org.testng.reporters.JUnitReportReporter -->
<testsuite hostname="DESKTOP-H1LFHPP" failures="0" tests="1" name="com.jaindirect.testCases.TC001_JDLoginWithEmail" time="73.856" errors="0" timestamp="2024-09-26T15:35:41 IST" skipped="0">
  <testcase classname="com.jaindirect.testCases.TC001_JDLoginWithEmail" name="LogIn" time="73.856"/>
</testsuite> <!-- com.jaindirect.testCases.TC001_JDLoginWithEmail -->
