<?xml version="1.0" encoding="UTF-8"?>
<!-- Generated by org.testng.reporters.JUnitReportReporter -->
<testsuite hostname="DESKTOP-H1LFHPP" failures="0" tests="1" name="com.jaindirect.testCases.TC002_JD_InvalidOTPlogin" time="33.663" errors="0" timestamp="2024-09-09T16:06:14 IST" skipped="0">
  <testcase classname="com.jaindirect.testCases.TC002_JD_InvalidOTPlogin" name="loginWithInvalidOTP" time="33.663"/>
</testsuite> <!-- com.jaindirect.testCases.TC002_JD_InvalidOTPlogin -->
